[2021-04-21 12:00:13] [ INFO ] [App:21] Programa iniciado
[2021-04-21 13:05:23] [ INFO ] [App:24] Programa iniciado
[2021-04-21 13:05:23] [ DEBUG] [logging:44] Logging Provider: org.jboss.logging.Log4jLoggerProvider
[2021-04-21 13:05:23] [ DEBUG] [IntegratorServiceImpl:46] Adding Integrator [org.hibernate.cfg.beanvalidation.BeanValidationIntegrator].
[2021-04-21 13:05:23] [ DEBUG] [IntegratorServiceImpl:46] Adding Integrator [org.hibernate.secure.spi.JaccIntegrator].
[2021-04-21 13:05:23] [ DEBUG] [IntegratorServiceImpl:46] Adding Integrator [org.hibernate.cache.internal.CollectionCacheInvalidator].
[2021-04-21 13:05:23] [ TRACE] [StrategySelectorImpl:85] Registering named strategy selector [org.hibernate.resource.transaction.spi.TransactionCoordinatorBuilder] : [jdbc] -> [org.hibernate.resource.transaction.backend.jdbc.internal.JdbcResourceLocalTransactionCoordinatorBuilderImpl]
[2021-04-21 13:05:23] [ TRACE] [StrategySelectorImpl:85] Registering named strategy selector [org.hibernate.resource.transaction.spi.TransactionCoordinatorBuilder] : [jta] -> [org.hibernate.resource.transaction.backend.jta.internal.JtaTransactionCoordinatorBuilderImpl]
[2021-04-21 13:05:23] [ TRACE] [StrategySelectorImpl:85] Registering named strategy selector [org.hibernate.resource.transaction.spi.TransactionCoordinatorBuilder] : [org.hibernate.transaction.JDBCTransactionFactory] -> [org.hibernate.resource.transaction.backend.jdbc.internal.JdbcResourceLocalTransactionCoordinatorBuilderImpl]
[2021-04-21 13:05:23] [ TRACE] [StrategySelectorImpl:85] Registering named strategy selector [org.hibernate.resource.transaction.spi.TransactionCoordinatorBuilder] : [org.hibernate.transaction.JTATransactionFactory] -> [org.hibernate.resource.transaction.backend.jta.internal.JtaTransactionCoordinatorBuilderImpl]
[2021-04-21 13:05:23] [ TRACE] [StrategySelectorImpl:85] Registering named strategy selector [org.hibernate.resource.transaction.spi.TransactionCoordinatorBuilder] : [org.hibernate.transaction.CMTTransactionFactory] -> [org.hibernate.resource.transaction.backend.jta.internal.JtaTransactionCoordinatorBuilderImpl]
[2021-04-21 13:05:23] [ TRACE] [StrategySelectorImpl:85] Registering named strategy selector [org.hibernate.hql.spi.id.MultiTableBulkIdStrategy] : [persistent] -> [org.hibernate.hql.spi.id.persistent.PersistentTableBulkIdStrategy]
[2021-04-21 13:05:23] [ TRACE] [StrategySelectorImpl:85] Registering named strategy selector [org.hibernate.hql.spi.id.MultiTableBulkIdStrategy] : [global_temporary] -> [org.hibernate.hql.spi.id.global.GlobalTemporaryTableBulkIdStrategy]
[2021-04-21 13:05:23] [ TRACE] [StrategySelectorImpl:85] Registering named strategy selector [org.hibernate.hql.spi.id.MultiTableBulkIdStrategy] : [local_temporary] -> [org.hibernate.hql.spi.id.local.LocalTemporaryTableBulkIdStrategy]
[2021-04-21 13:05:23] [ TRACE] [StrategySelectorImpl:85] Registering named strategy selector [org.hibernate.boot.model.naming.ImplicitNamingStrategy] : [default] -> [org.hibernate.boot.model.naming.ImplicitNamingStrategyJpaCompliantImpl]
[2021-04-21 13:05:23] [ TRACE] [StrategySelectorImpl:85] Registering named strategy selector [org.hibernate.boot.model.naming.ImplicitNamingStrategy] : [jpa] -> [org.hibernate.boot.model.naming.ImplicitNamingStrategyJpaCompliantImpl]
[2021-04-21 13:05:23] [ TRACE] [StrategySelectorImpl:85] Registering named strategy selector [org.hibernate.boot.model.naming.ImplicitNamingStrategy] : [legacy-jpa] -> [org.hibernate.boot.model.naming.ImplicitNamingStrategyLegacyJpaImpl]
[2021-04-21 13:05:23] [ TRACE] [StrategySelectorImpl:85] Registering named strategy selector [org.hibernate.boot.model.naming.ImplicitNamingStrategy] : [legacy-hbm] -> [org.hibernate.boot.model.naming.ImplicitNamingStrategyLegacyHbmImpl]
[2021-04-21 13:05:23] [ TRACE] [StrategySelectorImpl:85] Registering named strategy selector [org.hibernate.boot.model.naming.ImplicitNamingStrategy] : [component-path] -> [org.hibernate.boot.model.naming.ImplicitNamingStrategyComponentPathImpl]
[2021-04-21 13:05:23] [ TRACE] [StrategySelectorImpl:85] Registering named strategy selector [org.hibernate.cache.spi.CacheKeysFactory] : [default] -> [org.hibernate.cache.internal.DefaultCacheKeysFactory]
[2021-04-21 13:05:23] [ TRACE] [StrategySelectorImpl:85] Registering named strategy selector [org.hibernate.cache.spi.CacheKeysFactory] : [simple] -> [org.hibernate.cache.internal.SimpleCacheKeysFactory]
[2021-04-21 13:05:23] [ INFO ] [Version:44] HHH000412: Hibernate ORM core version 5.4.30.Final
[2021-04-21 13:05:23] [ DEBUG] [Environment:199] HHH000206: hibernate.properties not found
[2021-04-21 13:05:23] [ TRACE] [ClassLoaderServiceImpl:182] trying via [new URL("hibernate.cfg.xml")]
[2021-04-21 13:05:23] [ TRACE] [ClassLoaderServiceImpl:193] trying via [ClassLoader.getResourceAsStream("hibernate.cfg.xml")]
[2021-04-21 13:06:28] [ INFO ] [App:25] Programa iniciado
[2021-04-21 13:06:28] [ DEBUG] [logging:44] Logging Provider: org.jboss.logging.Log4jLoggerProvider
[2021-04-21 13:06:28] [ DEBUG] [IntegratorServiceImpl:46] Adding Integrator [org.hibernate.cfg.beanvalidation.BeanValidationIntegrator].
[2021-04-21 13:06:28] [ DEBUG] [IntegratorServiceImpl:46] Adding Integrator [org.hibernate.secure.spi.JaccIntegrator].
[2021-04-21 13:06:28] [ DEBUG] [IntegratorServiceImpl:46] Adding Integrator [org.hibernate.cache.internal.CollectionCacheInvalidator].
[2021-04-21 13:06:28] [ TRACE] [StrategySelectorImpl:85] Registering named strategy selector [org.hibernate.resource.transaction.spi.TransactionCoordinatorBuilder] : [jdbc] -> [org.hibernate.resource.transaction.backend.jdbc.internal.JdbcResourceLocalTransactionCoordinatorBuilderImpl]
[2021-04-21 13:06:28] [ TRACE] [StrategySelectorImpl:85] Registering named strategy selector [org.hibernate.resource.transaction.spi.TransactionCoordinatorBuilder] : [jta] -> [org.hibernate.resource.transaction.backend.jta.internal.JtaTransactionCoordinatorBuilderImpl]
[2021-04-21 13:06:28] [ TRACE] [StrategySelectorImpl:85] Registering named strategy selector [org.hibernate.resource.transaction.spi.TransactionCoordinatorBuilder] : [org.hibernate.transaction.JDBCTransactionFactory] -> [org.hibernate.resource.transaction.backend.jdbc.internal.JdbcResourceLocalTransactionCoordinatorBuilderImpl]
[2021-04-21 13:06:28] [ TRACE] [StrategySelectorImpl:85] Registering named strategy selector [org.hibernate.resource.transaction.spi.TransactionCoordinatorBuilder] : [org.hibernate.transaction.JTATransactionFactory] -> [org.hibernate.resource.transaction.backend.jta.internal.JtaTransactionCoordinatorBuilderImpl]
[2021-04-21 13:06:28] [ TRACE] [StrategySelectorImpl:85] Registering named strategy selector [org.hibernate.resource.transaction.spi.TransactionCoordinatorBuilder] : [org.hibernate.transaction.CMTTransactionFactory] -> [org.hibernate.resource.transaction.backend.jta.internal.JtaTransactionCoordinatorBuilderImpl]
[2021-04-21 13:06:28] [ TRACE] [StrategySelectorImpl:85] Registering named strategy selector [org.hibernate.hql.spi.id.MultiTableBulkIdStrategy] : [persistent] -> [org.hibernate.hql.spi.id.persistent.PersistentTableBulkIdStrategy]
[2021-04-21 13:06:28] [ TRACE] [StrategySelectorImpl:85] Registering named strategy selector [org.hibernate.hql.spi.id.MultiTableBulkIdStrategy] : [global_temporary] -> [org.hibernate.hql.spi.id.global.GlobalTemporaryTableBulkIdStrategy]
[2021-04-21 13:06:28] [ TRACE] [StrategySelectorImpl:85] Registering named strategy selector [org.hibernate.hql.spi.id.MultiTableBulkIdStrategy] : [local_temporary] -> [org.hibernate.hql.spi.id.local.LocalTemporaryTableBulkIdStrategy]
[2021-04-21 13:06:28] [ TRACE] [StrategySelectorImpl:85] Registering named strategy selector [org.hibernate.boot.model.naming.ImplicitNamingStrategy] : [default] -> [org.hibernate.boot.model.naming.ImplicitNamingStrategyJpaCompliantImpl]
[2021-04-21 13:06:28] [ TRACE] [StrategySelectorImpl:85] Registering named strategy selector [org.hibernate.boot.model.naming.ImplicitNamingStrategy] : [jpa] -> [org.hibernate.boot.model.naming.ImplicitNamingStrategyJpaCompliantImpl]
[2021-04-21 13:06:28] [ TRACE] [StrategySelectorImpl:85] Registering named strategy selector [org.hibernate.boot.model.naming.ImplicitNamingStrategy] : [legacy-jpa] -> [org.hibernate.boot.model.naming.ImplicitNamingStrategyLegacyJpaImpl]
[2021-04-21 13:06:28] [ TRACE] [StrategySelectorImpl:85] Registering named strategy selector [org.hibernate.boot.model.naming.ImplicitNamingStrategy] : [legacy-hbm] -> [org.hibernate.boot.model.naming.ImplicitNamingStrategyLegacyHbmImpl]
[2021-04-21 13:06:28] [ TRACE] [StrategySelectorImpl:85] Registering named strategy selector [org.hibernate.boot.model.naming.ImplicitNamingStrategy] : [component-path] -> [org.hibernate.boot.model.naming.ImplicitNamingStrategyComponentPathImpl]
[2021-04-21 13:06:28] [ TRACE] [StrategySelectorImpl:85] Registering named strategy selector [org.hibernate.cache.spi.CacheKeysFactory] : [default] -> [org.hibernate.cache.internal.DefaultCacheKeysFactory]
[2021-04-21 13:06:28] [ TRACE] [StrategySelectorImpl:85] Registering named strategy selector [org.hibernate.cache.spi.CacheKeysFactory] : [simple] -> [org.hibernate.cache.internal.SimpleCacheKeysFactory]
[2021-04-21 13:06:28] [ INFO ] [Version:44] HHH000412: Hibernate ORM core version 5.4.30.Final
[2021-04-21 13:06:28] [ DEBUG] [Environment:199] HHH000206: hibernate.properties not found
[2021-04-21 13:06:28] [ TRACE] [ClassLoaderServiceImpl:182] trying via [new URL("hibernate.cfg.xml")]
[2021-04-21 13:06:28] [ TRACE] [ClassLoaderServiceImpl:193] trying via [ClassLoader.getResourceAsStream("hibernate.cfg.xml")]
[2021-04-21 13:06:44] [ INFO ] [App:25] Programa iniciado
[2021-04-21 13:06:44] [ DEBUG] [logging:44] Logging Provider: org.jboss.logging.Log4jLoggerProvider
[2021-04-21 13:06:44] [ DEBUG] [IntegratorServiceImpl:46] Adding Integrator [org.hibernate.cfg.beanvalidation.BeanValidationIntegrator].
[2021-04-21 13:06:44] [ DEBUG] [IntegratorServiceImpl:46] Adding Integrator [org.hibernate.secure.spi.JaccIntegrator].
[2021-04-21 13:06:44] [ DEBUG] [IntegratorServiceImpl:46] Adding Integrator [org.hibernate.cache.internal.CollectionCacheInvalidator].
[2021-04-21 13:06:44] [ TRACE] [StrategySelectorImpl:85] Registering named strategy selector [org.hibernate.resource.transaction.spi.TransactionCoordinatorBuilder] : [jdbc] -> [org.hibernate.resource.transaction.backend.jdbc.internal.JdbcResourceLocalTransactionCoordinatorBuilderImpl]
[2021-04-21 13:06:44] [ TRACE] [StrategySelectorImpl:85] Registering named strategy selector [org.hibernate.resource.transaction.spi.TransactionCoordinatorBuilder] : [jta] -> [org.hibernate.resource.transaction.backend.jta.internal.JtaTransactionCoordinatorBuilderImpl]
[2021-04-21 13:06:44] [ TRACE] [StrategySelectorImpl:85] Registering named strategy selector [org.hibernate.resource.transaction.spi.TransactionCoordinatorBuilder] : [org.hibernate.transaction.JDBCTransactionFactory] -> [org.hibernate.resource.transaction.backend.jdbc.internal.JdbcResourceLocalTransactionCoordinatorBuilderImpl]
[2021-04-21 13:06:44] [ TRACE] [StrategySelectorImpl:85] Registering named strategy selector [org.hibernate.resource.transaction.spi.TransactionCoordinatorBuilder] : [org.hibernate.transaction.JTATransactionFactory] -> [org.hibernate.resource.transaction.backend.jta.internal.JtaTransactionCoordinatorBuilderImpl]
[2021-04-21 13:06:44] [ TRACE] [StrategySelectorImpl:85] Registering named strategy selector [org.hibernate.resource.transaction.spi.TransactionCoordinatorBuilder] : [org.hibernate.transaction.CMTTransactionFactory] -> [org.hibernate.resource.transaction.backend.jta.internal.JtaTransactionCoordinatorBuilderImpl]
[2021-04-21 13:06:44] [ TRACE] [StrategySelectorImpl:85] Registering named strategy selector [org.hibernate.hql.spi.id.MultiTableBulkIdStrategy] : [persistent] -> [org.hibernate.hql.spi.id.persistent.PersistentTableBulkIdStrategy]
[2021-04-21 13:06:44] [ TRACE] [StrategySelectorImpl:85] Registering named strategy selector [org.hibernate.hql.spi.id.MultiTableBulkIdStrategy] : [global_temporary] -> [org.hibernate.hql.spi.id.global.GlobalTemporaryTableBulkIdStrategy]
[2021-04-21 13:06:44] [ TRACE] [StrategySelectorImpl:85] Registering named strategy selector [org.hibernate.hql.spi.id.MultiTableBulkIdStrategy] : [local_temporary] -> [org.hibernate.hql.spi.id.local.LocalTemporaryTableBulkIdStrategy]
[2021-04-21 13:06:44] [ TRACE] [StrategySelectorImpl:85] Registering named strategy selector [org.hibernate.boot.model.naming.ImplicitNamingStrategy] : [default] -> [org.hibernate.boot.model.naming.ImplicitNamingStrategyJpaCompliantImpl]
[2021-04-21 13:06:44] [ TRACE] [StrategySelectorImpl:85] Registering named strategy selector [org.hibernate.boot.model.naming.ImplicitNamingStrategy] : [jpa] -> [org.hibernate.boot.model.naming.ImplicitNamingStrategyJpaCompliantImpl]
[2021-04-21 13:06:44] [ TRACE] [StrategySelectorImpl:85] Registering named strategy selector [org.hibernate.boot.model.naming.ImplicitNamingStrategy] : [legacy-jpa] -> [org.hibernate.boot.model.naming.ImplicitNamingStrategyLegacyJpaImpl]
[2021-04-21 13:06:44] [ TRACE] [StrategySelectorImpl:85] Registering named strategy selector [org.hibernate.boot.model.naming.ImplicitNamingStrategy] : [legacy-hbm] -> [org.hibernate.boot.model.naming.ImplicitNamingStrategyLegacyHbmImpl]
[2021-04-21 13:06:44] [ TRACE] [StrategySelectorImpl:85] Registering named strategy selector [org.hibernate.boot.model.naming.ImplicitNamingStrategy] : [component-path] -> [org.hibernate.boot.model.naming.ImplicitNamingStrategyComponentPathImpl]
[2021-04-21 13:06:44] [ TRACE] [StrategySelectorImpl:85] Registering named strategy selector [org.hibernate.cache.spi.CacheKeysFactory] : [default] -> [org.hibernate.cache.internal.DefaultCacheKeysFactory]
[2021-04-21 13:06:44] [ TRACE] [StrategySelectorImpl:85] Registering named strategy selector [org.hibernate.cache.spi.CacheKeysFactory] : [simple] -> [org.hibernate.cache.internal.SimpleCacheKeysFactory]
[2021-04-21 13:06:44] [ INFO ] [Version:44] HHH000412: Hibernate ORM core version 5.4.30.Final
[2021-04-21 13:06:44] [ DEBUG] [Environment:199] HHH000206: hibernate.properties not found
[2021-04-21 13:06:44] [ TRACE] [ClassLoaderServiceImpl:182] trying via [new URL("hibernate.cfg.xml")]
[2021-04-21 13:06:44] [ TRACE] [ClassLoaderServiceImpl:193] trying via [ClassLoader.getResourceAsStream("hibernate.cfg.xml")]
[2021-04-21 13:07:36] [ INFO ] [App:25] Programa iniciado
[2021-04-21 13:07:53] [ DEBUG] [logging:44] Logging Provider: org.jboss.logging.Log4jLoggerProvider
[2021-04-21 13:07:54] [ DEBUG] [IntegratorServiceImpl:46] Adding Integrator [org.hibernate.cfg.beanvalidation.BeanValidationIntegrator].
[2021-04-21 13:07:54] [ DEBUG] [IntegratorServiceImpl:46] Adding Integrator [org.hibernate.secure.spi.JaccIntegrator].
[2021-04-21 13:07:54] [ DEBUG] [IntegratorServiceImpl:46] Adding Integrator [org.hibernate.cache.internal.CollectionCacheInvalidator].
[2021-04-21 13:07:55] [ TRACE] [StrategySelectorImpl:85] Registering named strategy selector [org.hibernate.resource.transaction.spi.TransactionCoordinatorBuilder] : [jdbc] -> [org.hibernate.resource.transaction.backend.jdbc.internal.JdbcResourceLocalTransactionCoordinatorBuilderImpl]
[2021-04-21 13:07:55] [ TRACE] [StrategySelectorImpl:85] Registering named strategy selector [org.hibernate.resource.transaction.spi.TransactionCoordinatorBuilder] : [jta] -> [org.hibernate.resource.transaction.backend.jta.internal.JtaTransactionCoordinatorBuilderImpl]
[2021-04-21 13:07:55] [ TRACE] [StrategySelectorImpl:85] Registering named strategy selector [org.hibernate.resource.transaction.spi.TransactionCoordinatorBuilder] : [org.hibernate.transaction.JDBCTransactionFactory] -> [org.hibernate.resource.transaction.backend.jdbc.internal.JdbcResourceLocalTransactionCoordinatorBuilderImpl]
[2021-04-21 13:07:55] [ TRACE] [StrategySelectorImpl:85] Registering named strategy selector [org.hibernate.resource.transaction.spi.TransactionCoordinatorBuilder] : [org.hibernate.transaction.JTATransactionFactory] -> [org.hibernate.resource.transaction.backend.jta.internal.JtaTransactionCoordinatorBuilderImpl]
[2021-04-21 13:07:55] [ TRACE] [StrategySelectorImpl:85] Registering named strategy selector [org.hibernate.resource.transaction.spi.TransactionCoordinatorBuilder] : [org.hibernate.transaction.CMTTransactionFactory] -> [org.hibernate.resource.transaction.backend.jta.internal.JtaTransactionCoordinatorBuilderImpl]
[2021-04-21 13:07:55] [ TRACE] [StrategySelectorImpl:85] Registering named strategy selector [org.hibernate.hql.spi.id.MultiTableBulkIdStrategy] : [persistent] -> [org.hibernate.hql.spi.id.persistent.PersistentTableBulkIdStrategy]
[2021-04-21 13:07:55] [ TRACE] [StrategySelectorImpl:85] Registering named strategy selector [org.hibernate.hql.spi.id.MultiTableBulkIdStrategy] : [global_temporary] -> [org.hibernate.hql.spi.id.global.GlobalTemporaryTableBulkIdStrategy]
[2021-04-21 13:07:55] [ TRACE] [StrategySelectorImpl:85] Registering named strategy selector [org.hibernate.hql.spi.id.MultiTableBulkIdStrategy] : [local_temporary] -> [org.hibernate.hql.spi.id.local.LocalTemporaryTableBulkIdStrategy]
[2021-04-21 13:07:55] [ TRACE] [StrategySelectorImpl:85] Registering named strategy selector [org.hibernate.boot.model.naming.ImplicitNamingStrategy] : [default] -> [org.hibernate.boot.model.naming.ImplicitNamingStrategyJpaCompliantImpl]
[2021-04-21 13:07:55] [ TRACE] [StrategySelectorImpl:85] Registering named strategy selector [org.hibernate.boot.model.naming.ImplicitNamingStrategy] : [jpa] -> [org.hibernate.boot.model.naming.ImplicitNamingStrategyJpaCompliantImpl]
[2021-04-21 13:07:55] [ TRACE] [StrategySelectorImpl:85] Registering named strategy selector [org.hibernate.boot.model.naming.ImplicitNamingStrategy] : [legacy-jpa] -> [org.hibernate.boot.model.naming.ImplicitNamingStrategyLegacyJpaImpl]
[2021-04-21 13:07:55] [ TRACE] [StrategySelectorImpl:85] Registering named strategy selector [org.hibernate.boot.model.naming.ImplicitNamingStrategy] : [legacy-hbm] -> [org.hibernate.boot.model.naming.ImplicitNamingStrategyLegacyHbmImpl]
[2021-04-21 13:07:55] [ TRACE] [StrategySelectorImpl:85] Registering named strategy selector [org.hibernate.boot.model.naming.ImplicitNamingStrategy] : [component-path] -> [org.hibernate.boot.model.naming.ImplicitNamingStrategyComponentPathImpl]
[2021-04-21 13:07:55] [ TRACE] [StrategySelectorImpl:85] Registering named strategy selector [org.hibernate.cache.spi.CacheKeysFactory] : [default] -> [org.hibernate.cache.internal.DefaultCacheKeysFactory]
[2021-04-21 13:07:55] [ TRACE] [StrategySelectorImpl:85] Registering named strategy selector [org.hibernate.cache.spi.CacheKeysFactory] : [simple] -> [org.hibernate.cache.internal.SimpleCacheKeysFactory]
[2021-04-21 13:07:55] [ INFO ] [Version:44] HHH000412: Hibernate ORM core version 5.4.30.Final
[2021-04-21 13:07:56] [ DEBUG] [Environment:199] HHH000206: hibernate.properties not found
[2021-04-21 13:08:21] [ TRACE] [ClassLoaderServiceImpl:182] trying via [new URL("hibernate.cfg.xml")]
[2021-04-21 13:08:21] [ TRACE] [ClassLoaderServiceImpl:193] trying via [ClassLoader.getResourceAsStream("hibernate.cfg.xml")]
[2021-04-21 13:12:42] [ INFO ] [App:25] Programa iniciado
[2021-04-21 13:12:42] [ DEBUG] [logging:44] Logging Provider: org.jboss.logging.Log4jLoggerProvider
[2021-04-21 13:12:42] [ DEBUG] [IntegratorServiceImpl:46] Adding Integrator [org.hibernate.cfg.beanvalidation.BeanValidationIntegrator].
[2021-04-21 13:12:42] [ DEBUG] [IntegratorServiceImpl:46] Adding Integrator [org.hibernate.secure.spi.JaccIntegrator].
[2021-04-21 13:12:42] [ DEBUG] [IntegratorServiceImpl:46] Adding Integrator [org.hibernate.cache.internal.CollectionCacheInvalidator].
[2021-04-21 13:12:42] [ TRACE] [StrategySelectorImpl:85] Registering named strategy selector [org.hibernate.resource.transaction.spi.TransactionCoordinatorBuilder] : [jdbc] -> [org.hibernate.resource.transaction.backend.jdbc.internal.JdbcResourceLocalTransactionCoordinatorBuilderImpl]
[2021-04-21 13:12:42] [ TRACE] [StrategySelectorImpl:85] Registering named strategy selector [org.hibernate.resource.transaction.spi.TransactionCoordinatorBuilder] : [jta] -> [org.hibernate.resource.transaction.backend.jta.internal.JtaTransactionCoordinatorBuilderImpl]
[2021-04-21 13:12:42] [ TRACE] [StrategySelectorImpl:85] Registering named strategy selector [org.hibernate.resource.transaction.spi.TransactionCoordinatorBuilder] : [org.hibernate.transaction.JDBCTransactionFactory] -> [org.hibernate.resource.transaction.backend.jdbc.internal.JdbcResourceLocalTransactionCoordinatorBuilderImpl]
[2021-04-21 13:12:42] [ TRACE] [StrategySelectorImpl:85] Registering named strategy selector [org.hibernate.resource.transaction.spi.TransactionCoordinatorBuilder] : [org.hibernate.transaction.JTATransactionFactory] -> [org.hibernate.resource.transaction.backend.jta.internal.JtaTransactionCoordinatorBuilderImpl]
[2021-04-21 13:12:42] [ TRACE] [StrategySelectorImpl:85] Registering named strategy selector [org.hibernate.resource.transaction.spi.TransactionCoordinatorBuilder] : [org.hibernate.transaction.CMTTransactionFactory] -> [org.hibernate.resource.transaction.backend.jta.internal.JtaTransactionCoordinatorBuilderImpl]
[2021-04-21 13:12:42] [ TRACE] [StrategySelectorImpl:85] Registering named strategy selector [org.hibernate.hql.spi.id.MultiTableBulkIdStrategy] : [persistent] -> [org.hibernate.hql.spi.id.persistent.PersistentTableBulkIdStrategy]
[2021-04-21 13:12:42] [ TRACE] [StrategySelectorImpl:85] Registering named strategy selector [org.hibernate.hql.spi.id.MultiTableBulkIdStrategy] : [global_temporary] -> [org.hibernate.hql.spi.id.global.GlobalTemporaryTableBulkIdStrategy]
[2021-04-21 13:12:42] [ TRACE] [StrategySelectorImpl:85] Registering named strategy selector [org.hibernate.hql.spi.id.MultiTableBulkIdStrategy] : [local_temporary] -> [org.hibernate.hql.spi.id.local.LocalTemporaryTableBulkIdStrategy]
[2021-04-21 13:12:42] [ TRACE] [StrategySelectorImpl:85] Registering named strategy selector [org.hibernate.boot.model.naming.ImplicitNamingStrategy] : [default] -> [org.hibernate.boot.model.naming.ImplicitNamingStrategyJpaCompliantImpl]
[2021-04-21 13:12:42] [ TRACE] [StrategySelectorImpl:85] Registering named strategy selector [org.hibernate.boot.model.naming.ImplicitNamingStrategy] : [jpa] -> [org.hibernate.boot.model.naming.ImplicitNamingStrategyJpaCompliantImpl]
[2021-04-21 13:12:42] [ TRACE] [StrategySelectorImpl:85] Registering named strategy selector [org.hibernate.boot.model.naming.ImplicitNamingStrategy] : [legacy-jpa] -> [org.hibernate.boot.model.naming.ImplicitNamingStrategyLegacyJpaImpl]
[2021-04-21 13:12:42] [ TRACE] [StrategySelectorImpl:85] Registering named strategy selector [org.hibernate.boot.model.naming.ImplicitNamingStrategy] : [legacy-hbm] -> [org.hibernate.boot.model.naming.ImplicitNamingStrategyLegacyHbmImpl]
[2021-04-21 13:12:42] [ TRACE] [StrategySelectorImpl:85] Registering named strategy selector [org.hibernate.boot.model.naming.ImplicitNamingStrategy] : [component-path] -> [org.hibernate.boot.model.naming.ImplicitNamingStrategyComponentPathImpl]
[2021-04-21 13:12:42] [ TRACE] [StrategySelectorImpl:85] Registering named strategy selector [org.hibernate.cache.spi.CacheKeysFactory] : [default] -> [org.hibernate.cache.internal.DefaultCacheKeysFactory]
[2021-04-21 13:12:42] [ TRACE] [StrategySelectorImpl:85] Registering named strategy selector [org.hibernate.cache.spi.CacheKeysFactory] : [simple] -> [org.hibernate.cache.internal.SimpleCacheKeysFactory]
[2021-04-21 13:12:42] [ INFO ] [Version:44] HHH000412: Hibernate ORM core version 5.4.30.Final
[2021-04-21 13:12:42] [ DEBUG] [Environment:199] HHH000206: hibernate.properties not found
[2021-04-21 13:12:43] [ TRACE] [ClassLoaderServiceImpl:182] trying via [new URL("hibernate.cfg.xml")]
[2021-04-21 13:12:43] [ TRACE] [ClassLoaderServiceImpl:193] trying via [ClassLoader.getResourceAsStream("hibernate.cfg.xml")]
[2021-04-21 13:13:20] [ INFO ] [App:25] Programa iniciado
[2021-04-21 13:13:20] [ DEBUG] [logging:44] Logging Provider: org.jboss.logging.Log4jLoggerProvider
[2021-04-21 13:13:20] [ DEBUG] [IntegratorServiceImpl:46] Adding Integrator [org.hibernate.cfg.beanvalidation.BeanValidationIntegrator].
[2021-04-21 13:13:20] [ DEBUG] [IntegratorServiceImpl:46] Adding Integrator [org.hibernate.secure.spi.JaccIntegrator].
[2021-04-21 13:13:20] [ DEBUG] [IntegratorServiceImpl:46] Adding Integrator [org.hibernate.cache.internal.CollectionCacheInvalidator].
[2021-04-21 13:13:20] [ TRACE] [StrategySelectorImpl:85] Registering named strategy selector [org.hibernate.resource.transaction.spi.TransactionCoordinatorBuilder] : [jdbc] -> [org.hibernate.resource.transaction.backend.jdbc.internal.JdbcResourceLocalTransactionCoordinatorBuilderImpl]
[2021-04-21 13:13:20] [ TRACE] [StrategySelectorImpl:85] Registering named strategy selector [org.hibernate.resource.transaction.spi.TransactionCoordinatorBuilder] : [jta] -> [org.hibernate.resource.transaction.backend.jta.internal.JtaTransactionCoordinatorBuilderImpl]
[2021-04-21 13:13:20] [ TRACE] [StrategySelectorImpl:85] Registering named strategy selector [org.hibernate.resource.transaction.spi.TransactionCoordinatorBuilder] : [org.hibernate.transaction.JDBCTransactionFactory] -> [org.hibernate.resource.transaction.backend.jdbc.internal.JdbcResourceLocalTransactionCoordinatorBuilderImpl]
[2021-04-21 13:13:20] [ TRACE] [StrategySelectorImpl:85] Registering named strategy selector [org.hibernate.resource.transaction.spi.TransactionCoordinatorBuilder] : [org.hibernate.transaction.JTATransactionFactory] -> [org.hibernate.resource.transaction.backend.jta.internal.JtaTransactionCoordinatorBuilderImpl]
[2021-04-21 13:13:20] [ TRACE] [StrategySelectorImpl:85] Registering named strategy selector [org.hibernate.resource.transaction.spi.TransactionCoordinatorBuilder] : [org.hibernate.transaction.CMTTransactionFactory] -> [org.hibernate.resource.transaction.backend.jta.internal.JtaTransactionCoordinatorBuilderImpl]
[2021-04-21 13:13:20] [ TRACE] [StrategySelectorImpl:85] Registering named strategy selector [org.hibernate.hql.spi.id.MultiTableBulkIdStrategy] : [persistent] -> [org.hibernate.hql.spi.id.persistent.PersistentTableBulkIdStrategy]
[2021-04-21 13:13:20] [ TRACE] [StrategySelectorImpl:85] Registering named strategy selector [org.hibernate.hql.spi.id.MultiTableBulkIdStrategy] : [global_temporary] -> [org.hibernate.hql.spi.id.global.GlobalTemporaryTableBulkIdStrategy]
[2021-04-21 13:13:20] [ TRACE] [StrategySelectorImpl:85] Registering named strategy selector [org.hibernate.hql.spi.id.MultiTableBulkIdStrategy] : [local_temporary] -> [org.hibernate.hql.spi.id.local.LocalTemporaryTableBulkIdStrategy]
[2021-04-21 13:13:20] [ TRACE] [StrategySelectorImpl:85] Registering named strategy selector [org.hibernate.boot.model.naming.ImplicitNamingStrategy] : [default] -> [org.hibernate.boot.model.naming.ImplicitNamingStrategyJpaCompliantImpl]
[2021-04-21 13:13:20] [ TRACE] [StrategySelectorImpl:85] Registering named strategy selector [org.hibernate.boot.model.naming.ImplicitNamingStrategy] : [jpa] -> [org.hibernate.boot.model.naming.ImplicitNamingStrategyJpaCompliantImpl]
[2021-04-21 13:13:20] [ TRACE] [StrategySelectorImpl:85] Registering named strategy selector [org.hibernate.boot.model.naming.ImplicitNamingStrategy] : [legacy-jpa] -> [org.hibernate.boot.model.naming.ImplicitNamingStrategyLegacyJpaImpl]
[2021-04-21 13:13:20] [ TRACE] [StrategySelectorImpl:85] Registering named strategy selector [org.hibernate.boot.model.naming.ImplicitNamingStrategy] : [legacy-hbm] -> [org.hibernate.boot.model.naming.ImplicitNamingStrategyLegacyHbmImpl]
[2021-04-21 13:13:20] [ TRACE] [StrategySelectorImpl:85] Registering named strategy selector [org.hibernate.boot.model.naming.ImplicitNamingStrategy] : [component-path] -> [org.hibernate.boot.model.naming.ImplicitNamingStrategyComponentPathImpl]
[2021-04-21 13:13:20] [ TRACE] [StrategySelectorImpl:85] Registering named strategy selector [org.hibernate.cache.spi.CacheKeysFactory] : [default] -> [org.hibernate.cache.internal.DefaultCacheKeysFactory]
[2021-04-21 13:13:20] [ TRACE] [StrategySelectorImpl:85] Registering named strategy selector [org.hibernate.cache.spi.CacheKeysFactory] : [simple] -> [org.hibernate.cache.internal.SimpleCacheKeysFactory]
[2021-04-21 13:13:20] [ INFO ] [Version:44] HHH000412: Hibernate ORM core version 5.4.30.Final
[2021-04-21 13:13:20] [ DEBUG] [Environment:199] HHH000206: hibernate.properties not found
[2021-04-21 13:13:20] [ TRACE] [ClassLoaderServiceImpl:182] trying via [new URL("C:\Users\Arturo\eclipse-workspace\Hibernate\src\resources\hibernate.cfg.xml")]
[2021-04-21 13:13:20] [ TRACE] [ClassLoaderServiceImpl:193] trying via [ClassLoader.getResourceAsStream("C:\Users\Arturo\eclipse-workspace\Hibernate\src\resources\hibernate.cfg.xml")]
