[2021-04-22 12:20:46] [ WARN ] [pooling:72] HHH10001002: Using Hibernate built-in connection pool (not for production use!)
[2021-04-22 12:27:03] [ WARN ] [pooling:72] HHH10001002: Using Hibernate built-in connection pool (not for production use!)
[2021-04-22 12:27:26] [ WARN ] [pooling:72] HHH10001002: Using Hibernate built-in connection pool (not for production use!)
[2021-04-22 12:27:47] [ WARN ] [pooling:72] HHH10001002: Using Hibernate built-in connection pool (not for production use!)
[2021-04-22 12:39:45] [ WARN ] [pooling:72] HHH10001002: Using Hibernate built-in connection pool (not for production use!)
[2021-04-22 12:39:50] [ WARN ] [SqlExceptionHelper:137] SQL Error: 0, SQLState: S1009
[2021-04-22 12:39:50] [ ERROR] [SqlExceptionHelper:142] Zero date value prohibited
[2021-04-22 12:40:32] [ WARN ] [pooling:72] HHH10001002: Using Hibernate built-in connection pool (not for production use!)
[2021-04-22 13:37:17] [ WARN ] [pooling:72] HHH10001002: Using Hibernate built-in connection pool (not for production use!)
[2021-04-22 13:40:18] [ WARN ] [pooling:72] HHH10001002: Using Hibernate built-in connection pool (not for production use!)
[2021-04-22 13:40:47] [ WARN ] [pooling:72] HHH10001002: Using Hibernate built-in connection pool (not for production use!)
[2021-04-22 13:56:37] [ WARN ] [pooling:72] HHH10001002: Using Hibernate built-in connection pool (not for production use!)
[2021-04-22 16:29:10] [ WARN ] [pooling:72] HHH10001002: Using Hibernate built-in connection pool (not for production use!)
[2021-04-22 16:29:18] [ WARN ] [SqlExceptionHelper:137] SQL Error: 0, SQLState: 22018
[2021-04-22 16:29:18] [ ERROR] [SqlExceptionHelper:142] Cannot convert string '06-06-19' to java.sql.Timestamp value
[2021-04-22 16:30:30] [ WARN ] [pooling:72] HHH10001002: Using Hibernate built-in connection pool (not for production use!)
[2021-04-22 16:47:04] [ WARN ] [pooling:72] HHH10001002: Using Hibernate built-in connection pool (not for production use!)
[2021-04-22 16:47:23] [ WARN ] [deprecation:1792] HHH90000022: Hibernate's legacy org.hibernate.Criteria API is deprecated; use the JPA javax.persistence.criteria.CriteriaQuery instead
[2021-04-22 16:48:34] [ WARN ] [pooling:72] HHH10001002: Using Hibernate built-in connection pool (not for production use!)
[2021-04-22 16:48:46] [ WARN ] [deprecation:1792] HHH90000022: Hibernate's legacy org.hibernate.Criteria API is deprecated; use the JPA javax.persistence.criteria.CriteriaQuery instead
[2021-04-22 16:49:37] [ WARN ] [pooling:72] HHH10001002: Using Hibernate built-in connection pool (not for production use!)
[2021-04-22 16:49:44] [ WARN ] [deprecation:1792] HHH90000022: Hibernate's legacy org.hibernate.Criteria API is deprecated; use the JPA javax.persistence.criteria.CriteriaQuery instead
[2021-04-22 16:56:21] [ WARN ] [pooling:72] HHH10001002: Using Hibernate built-in connection pool (not for production use!)
[2021-04-22 16:56:46] [ WARN ] [deprecation:1792] HHH90000022: Hibernate's legacy org.hibernate.Criteria API is deprecated; use the JPA javax.persistence.criteria.CriteriaQuery instead
[2021-04-22 16:56:53] [ WARN ] [deprecation:1792] HHH90000022: Hibernate's legacy org.hibernate.Criteria API is deprecated; use the JPA javax.persistence.criteria.CriteriaQuery instead
[2021-04-22 17:38:39] [ WARN ] [pooling:72] HHH10001002: Using Hibernate built-in connection pool (not for production use!)
[2021-04-22 17:43:22] [ WARN ] [pooling:72] HHH10001002: Using Hibernate built-in connection pool (not for production use!)
[2021-04-22 17:43:30] [ WARN ] [deprecation:1792] HHH90000022: Hibernate's legacy org.hibernate.Criteria API is deprecated; use the JPA javax.persistence.criteria.CriteriaQuery instead
[2021-04-22 17:52:32] [ WARN ] [pooling:72] HHH10001002: Using Hibernate built-in connection pool (not for production use!)
[2021-04-22 17:55:19] [ WARN ] [pooling:72] HHH10001002: Using Hibernate built-in connection pool (not for production use!)
[2021-04-22 17:56:21] [ WARN ] [pooling:72] HHH10001002: Using Hibernate built-in connection pool (not for production use!)
